<?xml version="1.0" encoding="UTF-8"?>
<testng-results skipped="0" failed="1" ignored="0" total="6" passed="5">
  <reporter-output>
  </reporter-output>
  <suite name="Test Vagrant Assignment" duration-ms="90130" started-at="2022-09-01T16:56:38 IST" finished-at="2022-09-01T16:58:08 IST">
    <groups>
      <group name="smoke">
        <method signature="TestCases.searchMovieIMDb()[pri:1, instance:com.testVagrant.tests.TestCases@1d016c9]" name="searchMovieIMDb" class="com.testVagrant.tests.TestCases"/>
        <method signature="TestCases.searchMovieWiki()[pri:3, instance:com.testVagrant.tests.TestCases@1d016c9]" name="searchMovieWiki" class="com.testVagrant.tests.TestCases"/>
        <method signature="TestCases.compareCountry()[pri:4, instance:com.testVagrant.tests.TestCases@1d016c9]" name="compareCountry" class="com.testVagrant.tests.TestCases"/>
        <method signature="TestCases.compareReleaseDate()[pri:5, instance:com.testVagrant.tests.TestCases@1d016c9]" name="compareReleaseDate" class="com.testVagrant.tests.TestCases"/>
      </group> <!-- smoke -->
    </groups>
    <test name="PositiveTest" duration-ms="90130" started-at="2022-09-01T16:56:38 IST" finished-at="2022-09-01T16:58:08 IST">
      <class name="com.testVagrant.tests.TestCases">
        <test-method status="PASS" signature="openBrowser()[pri:0, instance:com.testVagrant.tests.TestCases@1d016c9]" name="openBrowser" is-config="true" duration-ms="31941" started-at="2022-09-01T16:56:38 IST" finished-at="2022-09-01T16:57:10 IST">
          <reporter-output>
          </reporter-output>
        </test-method> <!-- openBrowser -->
        <test-method status="PASS" signature="homePageTitleIMDB()[pri:0, instance:com.testVagrant.tests.TestCases@1d016c9]" name="homePageTitleIMDB" duration-ms="2473" started-at="2022-09-01T16:57:10 IST" finished-at="2022-09-01T16:57:12 IST">
          <reporter-output>
          </reporter-output>
        </test-method> <!-- homePageTitleIMDB -->
        <test-method status="PASS" signature="extentWrite()[pri:0, instance:com.testVagrant.tests.TestCases@1d016c9]" name="extentWrite" is-config="true" duration-ms="1193" started-at="2022-09-01T16:57:12 IST" finished-at="2022-09-01T16:57:13 IST">
          <reporter-output>
          </reporter-output>
        </test-method> <!-- extentWrite -->
        <test-method status="PASS" signature="searchMovieIMDb()[pri:1, instance:com.testVagrant.tests.TestCases@1d016c9]" name="searchMovieIMDb" duration-ms="38015" started-at="2022-09-01T16:57:13 IST" depends-on-methods="com.testVagrant.tests.TestCases.homePageTitleIMDB" finished-at="2022-09-01T16:57:51 IST">
          <reporter-output>
          </reporter-output>
        </test-method> <!-- searchMovieIMDb -->
        <test-method status="PASS" signature="extentWrite()[pri:0, instance:com.testVagrant.tests.TestCases@1d016c9]" name="extentWrite" is-config="true" duration-ms="160" started-at="2022-09-01T16:57:51 IST" finished-at="2022-09-01T16:57:52 IST">
          <reporter-output>
          </reporter-output>
        </test-method> <!-- extentWrite -->
        <test-method status="PASS" signature="homePageTitleWiki()[pri:2, instance:com.testVagrant.tests.TestCases@1d016c9]" name="homePageTitleWiki" duration-ms="1879" started-at="2022-09-01T16:57:52 IST" finished-at="2022-09-01T16:57:53 IST">
          <reporter-output>
          </reporter-output>
        </test-method> <!-- homePageTitleWiki -->
        <test-method status="PASS" signature="extentWrite()[pri:0, instance:com.testVagrant.tests.TestCases@1d016c9]" name="extentWrite" is-config="true" duration-ms="52" started-at="2022-09-01T16:57:53 IST" finished-at="2022-09-01T16:57:53 IST">
          <reporter-output>
          </reporter-output>
        </test-method> <!-- extentWrite -->
        <test-method status="PASS" signature="searchMovieWiki()[pri:3, instance:com.testVagrant.tests.TestCases@1d016c9]" name="searchMovieWiki" duration-ms="10731" started-at="2022-09-01T16:57:53 IST" depends-on-methods="com.testVagrant.tests.TestCases.homePageTitleWiki" finished-at="2022-09-01T16:58:04 IST">
          <reporter-output>
          </reporter-output>
        </test-method> <!-- searchMovieWiki -->
        <test-method status="PASS" signature="extentWrite()[pri:0, instance:com.testVagrant.tests.TestCases@1d016c9]" name="extentWrite" is-config="true" duration-ms="63" started-at="2022-09-01T16:58:04 IST" finished-at="2022-09-01T16:58:04 IST">
          <reporter-output>
          </reporter-output>
        </test-method> <!-- extentWrite -->
        <test-method status="PASS" signature="compareCountry()[pri:4, instance:com.testVagrant.tests.TestCases@1d016c9]" name="compareCountry" duration-ms="0" started-at="2022-09-01T16:58:04 IST" depends-on-methods="com.testVagrant.tests.TestCases.searchMovieIMDb, com.testVagrant.tests.TestCases.searchMovieWiki" finished-at="2022-09-01T16:58:04 IST">
          <reporter-output>
          </reporter-output>
        </test-method> <!-- compareCountry -->
        <test-method status="PASS" signature="extentWrite()[pri:0, instance:com.testVagrant.tests.TestCases@1d016c9]" name="extentWrite" is-config="true" duration-ms="15" started-at="2022-09-01T16:58:04 IST" finished-at="2022-09-01T16:58:04 IST">
          <reporter-output>
          </reporter-output>
        </test-method> <!-- extentWrite -->
        <test-method status="FAIL" signature="compareReleaseDate()[pri:5, instance:com.testVagrant.tests.TestCases@1d016c9]" name="compareReleaseDate" duration-ms="644" started-at="2022-09-01T16:58:04 IST" depends-on-methods="com.testVagrant.tests.TestCases.searchMovieIMDb, com.testVagrant.tests.TestCases.searchMovieWiki" finished-at="2022-09-01T16:58:05 IST">
          <exception class="java.lang.AssertionError">
            <message>
              <![CDATA[expected [true] but found [false]]]>
            </message>
            <full-stacktrace>
              <![CDATA[java.lang.AssertionError: expected [true] but found [false]
at org.testng.Assert.fail(Assert.java:97)
at org.testng.Assert.failNotEquals(Assert.java:969)
at org.testng.Assert.assertTrue(Assert.java:43)
at org.testng.Assert.assertTrue(Assert.java:53)
at com.testVagrant.tests.TestCases.compareReleaseDate(TestCases.java:177)
at sun.reflect.NativeMethodAccessorImpl.invoke0(Native Method)
at sun.reflect.NativeMethodAccessorImpl.invoke(NativeMethodAccessorImpl.java:62)
at sun.reflect.DelegatingMethodAccessorImpl.invoke(DelegatingMethodAccessorImpl.java:43)
at java.lang.reflect.Method.invoke(Method.java:483)
at org.testng.internal.MethodInvocationHelper.invokeMethod(MethodInvocationHelper.java:134)
at org.testng.internal.TestInvoker.invokeMethod(TestInvoker.java:597)
at org.testng.internal.TestInvoker.invokeTestMethod(TestInvoker.java:173)
at org.testng.internal.MethodRunner.runInSequence(MethodRunner.java:46)
at org.testng.internal.TestInvoker$MethodInvocationAgent.invoke(TestInvoker.java:816)
at org.testng.internal.TestInvoker.invokeTestMethods(TestInvoker.java:146)
at org.testng.internal.TestMethodWorker.invokeTestMethods(TestMethodWorker.java:146)
at org.testng.internal.TestMethodWorker.run(TestMethodWorker.java:128)
at org.testng.TestRunner$$Lambda$56/20272201.accept(Unknown Source)
at java.util.ArrayList.forEach(ArrayList.java:1234)
at org.testng.TestRunner.privateRun(TestRunner.java:766)
at org.testng.TestRunner.run(TestRunner.java:587)
at org.testng.SuiteRunner.runTest(SuiteRunner.java:384)
at org.testng.SuiteRunner.runSequentially(SuiteRunner.java:378)
at org.testng.SuiteRunner.privateRun(SuiteRunner.java:337)
at org.testng.SuiteRunner.run(SuiteRunner.java:286)
at org.testng.SuiteRunnerWorker.runSuite(SuiteRunnerWorker.java:53)
at org.testng.SuiteRunnerWorker.run(SuiteRunnerWorker.java:96)
at org.testng.TestNG.runSuitesSequentially(TestNG.java:1187)
at org.testng.TestNG.runSuitesLocally(TestNG.java:1109)
at org.testng.TestNG.runSuites(TestNG.java:1039)
at org.testng.TestNG.run(TestNG.java:1007)
at org.apache.maven.surefire.testng.TestNGExecutor.run(TestNGExecutor.java:283)
at org.apache.maven.surefire.testng.TestNGXmlTestSuite.execute(TestNGXmlTestSuite.java:75)
at org.apache.maven.surefire.testng.TestNGProvider.invoke(TestNGProvider.java:120)
at org.apache.maven.surefire.booter.ForkedBooter.invokeProviderInSameClassLoader(ForkedBooter.java:379)
at org.apache.maven.surefire.booter.ForkedBooter.runSuitesInProcess(ForkedBooter.java:340)
at org.apache.maven.surefire.booter.ForkedBooter.execute(ForkedBooter.java:125)
at org.apache.maven.surefire.booter.ForkedBooter.main(ForkedBooter.java:413)
]]>
            </full-stacktrace>
          </exception> <!-- java.lang.AssertionError -->
          <reporter-output>
          </reporter-output>
        </test-method> <!-- compareReleaseDate -->
        <test-method status="PASS" signature="extentWrite()[pri:0, instance:com.testVagrant.tests.TestCases@1d016c9]" name="extentWrite" is-config="true" duration-ms="34" started-at="2022-09-01T16:58:05 IST" finished-at="2022-09-01T16:58:05 IST">
          <reporter-output>
          </reporter-output>
        </test-method> <!-- extentWrite -->
        <test-method status="PASS" signature="closeBrowser()[pri:0, instance:com.testVagrant.tests.TestCases@1d016c9]" name="closeBrowser" is-config="true" duration-ms="2774" started-at="2022-09-01T16:58:05 IST" finished-at="2022-09-01T16:58:08 IST">
          <reporter-output>
          </reporter-output>
        </test-method> <!-- closeBrowser -->
      </class> <!-- com.testVagrant.tests.TestCases -->
    </test> <!-- PositiveTest -->
  </suite> <!-- Test Vagrant Assignment -->
</testng-results>
